<?xml version="1.0" encoding="UTF-8"?>
<testsuite xmlns:xsi="http://www.w3.org/2001/XMLSchema-instance" xsi:noNamespaceSchemaLocation="https://maven.apache.org/surefire/maven-surefire-plugin/xsd/surefire-test-report.xsd" name="org.cgoro.gmailarchiver.GmailArchiverApplicationTests" time="2.749" tests="1" errors="0" skipped="0" failures="0">
  <properties>
    <property name="sun.desktop" value="windows"/>
    <property name="awt.toolkit" value="sun.awt.windows.WToolkit"/>
    <property name="java.specification.version" value="11"/>
    <property name="sun.cpu.isalist" value="amd64"/>
    <property name="sun.jnu.encoding" value="Cp1252"/>
    <property name="java.class.path" value="C:\Users\GkorosC\gmail-archiver\target\test-classes;C:\Users\GkorosC\gmail-archiver\target\classes;C:\Users\GkorosC\.m2\repository\org\apache\camel\springboot\camel-spring-boot-starter\3.10.0\camel-spring-boot-starter-3.10.0.jar;C:\Users\GkorosC\.m2\repository\org\springframework\boot\spring-boot-starter\2.4.6\spring-boot-starter-2.4.6.jar;C:\Users\GkorosC\.m2\repository\org\springframework\boot\spring-boot\2.4.6\spring-boot-2.4.6.jar;C:\Users\GkorosC\.m2\repository\org\springframework\spring-context\5.3.7\spring-context-5.3.7.jar;C:\Users\GkorosC\.m2\repository\org\springframework\boot\spring-boot-autoconfigure\2.4.6\spring-boot-autoconfigure-2.4.6.jar;C:\Users\GkorosC\.m2\repository\org\springframework\boot\spring-boot-starter-logging\2.4.6\spring-boot-starter-logging-2.4.6.jar;C:\Users\GkorosC\.m2\repository\ch\qos\logback\logback-classic\1.2.3\logback-classic-1.2.3.jar;C:\Users\GkorosC\.m2\repository\ch\qos\logback\logback-core\1.2.3\logback-core-1.2.3.jar;C:\Users\GkorosC\.m2\repository\org\apache\logging\log4j\log4j-to-slf4j\2.13.3\log4j-to-slf4j-2.13.3.jar;C:\Users\GkorosC\.m2\repository\org\apache\logging\log4j\log4j-api\2.13.3\log4j-api-2.13.3.jar;C:\Users\GkorosC\.m2\repository\org\slf4j\jul-to-slf4j\1.7.30\jul-to-slf4j-1.7.30.jar;C:\Users\GkorosC\.m2\repository\jakarta\annotation\jakarta.annotation-api\1.3.5\jakarta.annotation-api-1.3.5.jar;C:\Users\GkorosC\.m2\repository\org\yaml\snakeyaml\1.27\snakeyaml-1.27.jar;C:\Users\GkorosC\.m2\repository\org\apache\camel\springboot\camel-spring-boot\3.10.0\camel-spring-boot-3.10.0.jar;C:\Users\GkorosC\.m2\repository\org\apache\camel\camel-spring\3.10.0\camel-spring-3.10.0.jar;C:\Users\GkorosC\.m2\repository\org\apache\camel\camel-management-api\3.10.0\camel-management-api-3.10.0.jar;C:\Users\GkorosC\.m2\repository\org\springframework\spring-aop\5.3.7\spring-aop-5.3.7.jar;C:\Users\GkorosC\.m2\repository\org\springframework\spring-beans\5.3.7\spring-beans-5.3.7.jar;C:\Users\GkorosC\.m2\repository\org\springframework\spring-expression\5.3.7\spring-expression-5.3.7.jar;C:\Users\GkorosC\.m2\repository\org\springframework\spring-tx\5.3.7\spring-tx-5.3.7.jar;C:\Users\GkorosC\.m2\repository\org\apache\camel\camel-spring-main\3.10.0\camel-spring-main-3.10.0.jar;C:\Users\GkorosC\.m2\repository\org\apache\camel\camel-main\3.10.0\camel-main-3.10.0.jar;C:\Users\GkorosC\.m2\repository\org\apache\camel\camel-base\3.10.0\camel-base-3.10.0.jar;C:\Users\GkorosC\.m2\repository\org\apache\camel\camel-core-languages\3.10.0\camel-core-languages-3.10.0.jar;C:\Users\GkorosC\.m2\repository\org\apache\camel\camel-xml-jaxb-dsl\3.10.0\camel-xml-jaxb-dsl-3.10.0.jar;C:\Users\GkorosC\.m2\repository\org\apache\camel\camel-core-model\3.10.0\camel-core-model-3.10.0.jar;C:\Users\GkorosC\.m2\repository\org\apache\camel\camel-core-processor\3.10.0\camel-core-processor-3.10.0.jar;C:\Users\GkorosC\.m2\repository\org\apache\camel\camel-xml-jaxb\3.10.0\camel-xml-jaxb-3.10.0.jar;C:\Users\GkorosC\.m2\repository\com\sun\xml\bind\jaxb-core\2.3.0\jaxb-core-2.3.0.jar;C:\Users\GkorosC\.m2\repository\com\sun\xml\bind\jaxb-impl\2.3.3\jaxb-impl-2.3.3.jar;C:\Users\GkorosC\.m2\repository\com\sun\activation\jakarta.activation\1.2.2\jakarta.activation-1.2.2.jar;C:\Users\GkorosC\.m2\repository\org\apache\camel\camel-dsl-support\3.10.0\camel-dsl-support-3.10.0.jar;C:\Users\GkorosC\.m2\repository\org\apache\camel\camel-endpointdsl\3.10.0\camel-endpointdsl-3.10.0.jar;C:\Users\GkorosC\.m2\repository\org\apache\camel\camel-spring-xml\3.10.0\camel-spring-xml-3.10.0.jar;C:\Users\GkorosC\.m2\repository\org\apache\camel\camel-core-xml\3.10.0\camel-core-xml-3.10.0.jar;C:\Users\GkorosC\.m2\repository\org\apache\camel\camel-cloud\3.10.0\camel-cloud-3.10.0.jar;C:\Users\GkorosC\.m2\repository\org\apache\camel\camel-cluster\3.10.0\camel-cluster-3.10.0.jar;C:\Users\GkorosC\.m2\repository\org\apache\camel\camel-base-engine\3.10.0\camel-base-engine-3.10.0.jar;C:\Users\GkorosC\.m2\repository\org\apache\camel\camel-health\3.10.0\camel-health-3.10.0.jar;C:\Users\GkorosC\.m2\repository\org\apache\camel\springboot\camel-core-starter\3.10.0\camel-core-starter-3.10.0.jar;C:\Users\GkorosC\.m2\repository\org\apache\camel\camel-core-engine\3.10.0\camel-core-engine-3.10.0.jar;C:\Users\GkorosC\.m2\repository\org\apache\camel\camel-api\3.10.0\camel-api-3.10.0.jar;C:\Users\GkorosC\.m2\repository\org\apache\camel\camel-core-reifier\3.10.0\camel-core-reifier-3.10.0.jar;C:\Users\GkorosC\.m2\repository\org\apache\camel\camel-util\3.10.0\camel-util-3.10.0.jar;C:\Users\GkorosC\.m2\repository\org\apache\camel\springboot\camel-bean-starter\3.10.0\camel-bean-starter-3.10.0.jar;C:\Users\GkorosC\.m2\repository\org\apache\camel\camel-bean\3.10.0\camel-bean-3.10.0.jar;C:\Users\GkorosC\.m2\repository\org\apache\camel\springboot\camel-browse-starter\3.10.0\camel-browse-starter-3.10.0.jar;C:\Users\GkorosC\.m2\repository\org\apache\camel\camel-browse\3.10.0\camel-browse-3.10.0.jar;C:\Users\GkorosC\.m2\repository\org\apache\camel\springboot\camel-controlbus-starter\3.10.0\camel-controlbus-starter-3.10.0.jar;C:\Users\GkorosC\.m2\repository\org\apache\camel\camel-controlbus\3.10.0\camel-controlbus-3.10.0.jar;C:\Users\GkorosC\.m2\repository\org\apache\camel\springboot\camel-dataformat-starter\3.10.0\camel-dataformat-starter-3.10.0.jar;C:\Users\GkorosC\.m2\repository\org\apache\camel\camel-dataformat\3.10.0\camel-dataformat-3.10.0.jar;C:\Users\GkorosC\.m2\repository\org\apache\camel\springboot\camel-dataset-starter\3.10.0\camel-dataset-starter-3.10.0.jar;C:\Users\GkorosC\.m2\repository\org\apache\camel\camel-dataset\3.10.0\camel-dataset-3.10.0.jar;C:\Users\GkorosC\.m2\repository\org\apache\camel\springboot\camel-direct-starter\3.10.0\camel-direct-starter-3.10.0.jar;C:\Users\GkorosC\.m2\repository\org\apache\camel\camel-direct\3.10.0\camel-direct-3.10.0.jar;C:\Users\GkorosC\.m2\repository\org\apache\camel\springboot\camel-directvm-starter\3.10.0\camel-directvm-starter-3.10.0.jar;C:\Users\GkorosC\.m2\repository\org\apache\camel\camel-directvm\3.10.0\camel-directvm-3.10.0.jar;C:\Users\GkorosC\.m2\repository\org\apache\camel\springboot\camel-file-starter\3.10.0\camel-file-starter-3.10.0.jar;C:\Users\GkorosC\.m2\repository\org\apache\camel\camel-file\3.10.0\camel-file-3.10.0.jar;C:\Users\GkorosC\.m2\repository\org\apache\camel\springboot\camel-language-starter\3.10.0\camel-language-starter-3.10.0.jar;C:\Users\GkorosC\.m2\repository\org\apache\camel\camel-language\3.10.0\camel-language-3.10.0.jar;C:\Users\GkorosC\.m2\repository\org\apache\camel\springboot\camel-log-starter\3.10.0\camel-log-starter-3.10.0.jar;C:\Users\GkorosC\.m2\repository\org\apache\camel\camel-log\3.10.0\camel-log-3.10.0.jar;C:\Users\GkorosC\.m2\repository\org\apache\camel\springboot\camel-mock-starter\3.10.0\camel-mock-starter-3.10.0.jar;C:\Users\GkorosC\.m2\repository\org\apache\camel\camel-mock\3.10.0\camel-mock-3.10.0.jar;C:\Users\GkorosC\.m2\repository\org\apache\camel\springboot\camel-ref-starter\3.10.0\camel-ref-starter-3.10.0.jar;C:\Users\GkorosC\.m2\repository\org\apache\camel\camel-ref\3.10.0\camel-ref-3.10.0.jar;C:\Users\GkorosC\.m2\repository\org\apache\camel\springboot\camel-rest-starter\3.10.0\camel-rest-starter-3.10.0.jar;C:\Users\GkorosC\.m2\repository\org\apache\camel\camel-rest\3.10.0\camel-rest-3.10.0.jar;C:\Users\GkorosC\.m2\repository\org\apache\camel\camel-tooling-model\3.10.0\camel-tooling-model-3.10.0.jar;C:\Users\GkorosC\.m2\repository\org\apache\camel\camel-util-json\3.10.0\camel-util-json-3.10.0.jar;C:\Users\GkorosC\.m2\repository\org\apache\camel\springboot\camel-saga-starter\3.10.0\camel-saga-starter-3.10.0.jar;C:\Users\GkorosC\.m2\repository\org\apache\camel\camel-saga\3.10.0\camel-saga-3.10.0.jar;C:\Users\GkorosC\.m2\repository\org\apache\camel\springboot\camel-scheduler-starter\3.10.0\camel-scheduler-starter-3.10.0.jar;C:\Users\GkorosC\.m2\repository\org\apache\camel\camel-scheduler\3.10.0\camel-scheduler-3.10.0.jar;C:\Users\GkorosC\.m2\repository\org\apache\camel\springboot\camel-seda-starter\3.10.0\camel-seda-starter-3.10.0.jar;C:\Users\GkorosC\.m2\repository\org\apache\camel\camel-seda\3.10.0\camel-seda-3.10.0.jar;C:\Users\GkorosC\.m2\repository\org\apache\camel\springboot\camel-stub-starter\3.10.0\camel-stub-starter-3.10.0.jar;C:\Users\GkorosC\.m2\repository\org\apache\camel\camel-stub\3.10.0\camel-stub-3.10.0.jar;C:\Users\GkorosC\.m2\repository\org\apache\camel\springboot\camel-timer-starter\3.10.0\camel-timer-starter-3.10.0.jar;C:\Users\GkorosC\.m2\repository\org\apache\camel\camel-timer\3.10.0\camel-timer-3.10.0.jar;C:\Users\GkorosC\.m2\repository\org\apache\camel\springboot\camel-validator-starter\3.10.0\camel-validator-starter-3.10.0.jar;C:\Users\GkorosC\.m2\repository\org\apache\camel\camel-validator\3.10.0\camel-validator-3.10.0.jar;C:\Users\GkorosC\.m2\repository\org\apache\camel\springboot\camel-vm-starter\3.10.0\camel-vm-starter-3.10.0.jar;C:\Users\GkorosC\.m2\repository\org\apache\camel\camel-vm\3.10.0\camel-vm-3.10.0.jar;C:\Users\GkorosC\.m2\repository\org\apache\camel\springboot\camel-xpath-starter\3.10.0\camel-xpath-starter-3.10.0.jar;C:\Users\GkorosC\.m2\repository\org\apache\camel\camel-xpath\3.10.0\camel-xpath-3.10.0.jar;C:\Users\GkorosC\.m2\repository\org\apache\camel\springboot\camel-xslt-starter\3.10.0\camel-xslt-starter-3.10.0.jar;C:\Users\GkorosC\.m2\repository\org\apache\camel\camel-xslt\3.10.0\camel-xslt-3.10.0.jar;C:\Users\GkorosC\.m2\repository\org\apache\camel\springboot\camel-xml-jaxp-starter\3.10.0\camel-xml-jaxp-starter-3.10.0.jar;C:\Users\GkorosC\.m2\repository\org\apache\camel\camel-xml-jaxp\3.10.0\camel-xml-jaxp-3.10.0.jar;C:\Users\GkorosC\.m2\repository\org\apache\camel\camel-xml-io-util\3.10.0\camel-xml-io-util-3.10.0.jar;C:\Users\GkorosC\.m2\repository\org\apache\camel\springboot\camel-google-mail-starter\3.10.0\camel-google-mail-starter-3.10.0.jar;C:\Users\GkorosC\.m2\repository\org\apache\camel\camel-google-mail\3.10.0\camel-google-mail-3.10.0.jar;C:\Users\GkorosC\.m2\repository\org\apache\camel\camel-support\3.10.0\camel-support-3.10.0.jar;C:\Users\GkorosC\.m2\repository\com\google\api-client\google-api-client\1.22.0\google-api-client-1.22.0.jar;C:\Users\GkorosC\.m2\repository\com\google\oauth-client\google-oauth-client\1.22.0\google-oauth-client-1.22.0.jar;C:\Users\GkorosC\.m2\repository\com\google\code\findbugs\jsr305\1.3.9\jsr305-1.3.9.jar;C:\Users\GkorosC\.m2\repository\com\google\guava\guava-jdk5\17.0\guava-jdk5-17.0.jar;C:\Users\GkorosC\.m2\repository\com\google\oauth-client\google-oauth-client-jetty\1.22.0\google-oauth-client-jetty-1.22.0.jar;C:\Users\GkorosC\.m2\repository\com\google\oauth-client\google-oauth-client-java6\1.22.0\google-oauth-client-java6-1.22.0.jar;C:\Users\GkorosC\.m2\repository\org\mortbay\jetty\jetty\6.1.26\jetty-6.1.26.jar;C:\Users\GkorosC\.m2\repository\org\mortbay\jetty\jetty-util\6.1.26\jetty-util-6.1.26.jar;C:\Users\GkorosC\.m2\repository\com\google\http-client\google-http-client-jackson2\1.22.0\google-http-client-jackson2-1.22.0.jar;C:\Users\GkorosC\.m2\repository\com\google\http-client\google-http-client\1.22.0\google-http-client-1.22.0.jar;C:\Users\GkorosC\.m2\repository\org\apache\httpcomponents\httpclient\4.5.13\httpclient-4.5.13.jar;C:\Users\GkorosC\.m2\repository\org\apache\httpcomponents\httpcore\4.4.14\httpcore-4.4.14.jar;C:\Users\GkorosC\.m2\repository\commons-codec\commons-codec\1.15\commons-codec-1.15.jar;C:\Users\GkorosC\.m2\repository\com\fasterxml\jackson\core\jackson-core\2.11.4\jackson-core-2.11.4.jar;C:\Users\GkorosC\.m2\repository\com\google\apis\google-api-services-gmail\v1-rev81-1.22.0\google-api-services-gmail-v1-rev81-1.22.0.jar;C:\Users\GkorosC\.m2\repository\com\sun\mail\jakarta.mail\1.6.7\jakarta.mail-1.6.7.jar;C:\Users\GkorosC\.m2\repository\org\springframework\boot\spring-boot-starter-test\2.4.6\spring-boot-starter-test-2.4.6.jar;C:\Users\GkorosC\.m2\repository\org\springframework\boot\spring-boot-test\2.4.6\spring-boot-test-2.4.6.jar;C:\Users\GkorosC\.m2\repository\org\springframework\boot\spring-boot-test-autoconfigure\2.4.6\spring-boot-test-autoconfigure-2.4.6.jar;C:\Users\GkorosC\.m2\repository\com\jayway\jsonpath\json-path\2.4.0\json-path-2.4.0.jar;C:\Users\GkorosC\.m2\repository\net\minidev\json-smart\2.3.1\json-smart-2.3.1.jar;C:\Users\GkorosC\.m2\repository\net\minidev\accessors-smart\2.3.1\accessors-smart-2.3.1.jar;C:\Users\GkorosC\.m2\repository\org\ow2\asm\asm\5.0.4\asm-5.0.4.jar;C:\Users\GkorosC\.m2\repository\org\slf4j\slf4j-api\1.7.30\slf4j-api-1.7.30.jar;C:\Users\GkorosC\.m2\repository\jakarta\xml\bind\jakarta.xml.bind-api\2.3.3\jakarta.xml.bind-api-2.3.3.jar;C:\Users\GkorosC\.m2\repository\jakarta\activation\jakarta.activation-api\1.2.2\jakarta.activation-api-1.2.2.jar;C:\Users\GkorosC\.m2\repository\org\assertj\assertj-core\3.18.1\assertj-core-3.18.1.jar;C:\Users\GkorosC\.m2\repository\org\hamcrest\hamcrest\2.2\hamcrest-2.2.jar;C:\Users\GkorosC\.m2\repository\org\junit\jupiter\junit-jupiter\5.7.2\junit-jupiter-5.7.2.jar;C:\Users\GkorosC\.m2\repository\org\junit\jupiter\junit-jupiter-api\5.7.2\junit-jupiter-api-5.7.2.jar;C:\Users\GkorosC\.m2\repository\org\apiguardian\apiguardian-api\1.1.0\apiguardian-api-1.1.0.jar;C:\Users\GkorosC\.m2\repository\org\opentest4j\opentest4j\1.2.0\opentest4j-1.2.0.jar;C:\Users\GkorosC\.m2\repository\org\junit\platform\junit-platform-commons\1.7.2\junit-platform-commons-1.7.2.jar;C:\Users\GkorosC\.m2\repository\org\junit\jupiter\junit-jupiter-params\5.7.2\junit-jupiter-params-5.7.2.jar;C:\Users\GkorosC\.m2\repository\org\junit\jupiter\junit-jupiter-engine\5.7.2\junit-jupiter-engine-5.7.2.jar;C:\Users\GkorosC\.m2\repository\org\junit\platform\junit-platform-engine\1.7.2\junit-platform-engine-1.7.2.jar;C:\Users\GkorosC\.m2\repository\org\mockito\mockito-core\3.6.28\mockito-core-3.6.28.jar;C:\Users\GkorosC\.m2\repository\net\bytebuddy\byte-buddy\1.10.22\byte-buddy-1.10.22.jar;C:\Users\GkorosC\.m2\repository\net\bytebuddy\byte-buddy-agent\1.10.22\byte-buddy-agent-1.10.22.jar;C:\Users\GkorosC\.m2\repository\org\objenesis\objenesis\3.1\objenesis-3.1.jar;C:\Users\GkorosC\.m2\repository\org\mockito\mockito-junit-jupiter\3.6.28\mockito-junit-jupiter-3.6.28.jar;C:\Users\GkorosC\.m2\repository\org\skyscreamer\jsonassert\1.5.0\jsonassert-1.5.0.jar;C:\Users\GkorosC\.m2\repository\com\vaadin\external\google\android-json\0.0.20131108.vaadin1\android-json-0.0.20131108.vaadin1.jar;C:\Users\GkorosC\.m2\repository\org\springframework\spring-core\5.3.7\spring-core-5.3.7.jar;C:\Users\GkorosC\.m2\repository\org\springframework\spring-jcl\5.3.7\spring-jcl-5.3.7.jar;C:\Users\GkorosC\.m2\repository\org\springframework\spring-test\5.3.7\spring-test-5.3.7.jar;C:\Users\GkorosC\.m2\repository\org\xmlunit\xmlunit-core\2.7.0\xmlunit-core-2.7.0.jar;"/>
    <property name="java.vm.vendor" value="Oracle Corporation"/>
    <property name="sun.arch.data.model" value="64"/>
    <property name="user.variant" value=""/>
    <property name="java.vendor.url" value="http://java.oracle.com/"/>
    <property name="user.timezone" value="Europe/Athens"/>
    <property name="java.vm.specification.version" value="11"/>
    <property name="os.name" value="Windows 10"/>
    <property name="sun.java.launcher" value="SUN_STANDARD"/>
    <property name="user.country" value="US"/>
    <property name="sun.boot.library.path" value="C:\Program Files\Java\jdk-11\bin"/>
    <property name="sun.java.command" value="C:\Users\GkorosC\AppData\Local\Temp\surefire7559069353655703459\surefirebooter2466953727233997663.jar C:\Users\GkorosC\AppData\Local\Temp\surefire7559069353655703459 2021-05-22T16-43-17_946-jvmRun1 surefire7125065310001241900tmp surefire_02897876040243527080tmp"/>
    <property name="jdk.debug" value="release"/>
    <property name="surefire.test.class.path" value="C:\Users\GkorosC\gmail-archiver\target\test-classes;C:\Users\GkorosC\gmail-archiver\target\classes;C:\Users\GkorosC\.m2\repository\org\apache\camel\springboot\camel-spring-boot-starter\3.10.0\camel-spring-boot-starter-3.10.0.jar;C:\Users\GkorosC\.m2\repository\org\springframework\boot\spring-boot-starter\2.4.6\spring-boot-starter-2.4.6.jar;C:\Users\GkorosC\.m2\repository\org\springframework\boot\spring-boot\2.4.6\spring-boot-2.4.6.jar;C:\Users\GkorosC\.m2\repository\org\springframework\spring-context\5.3.7\spring-context-5.3.7.jar;C:\Users\GkorosC\.m2\repository\org\springframework\boot\spring-boot-autoconfigure\2.4.6\spring-boot-autoconfigure-2.4.6.jar;C:\Users\GkorosC\.m2\repository\org\springframework\boot\spring-boot-starter-logging\2.4.6\spring-boot-starter-logging-2.4.6.jar;C:\Users\GkorosC\.m2\repository\ch\qos\logback\logback-classic\1.2.3\logback-classic-1.2.3.jar;C:\Users\GkorosC\.m2\repository\ch\qos\logback\logback-core\1.2.3\logback-core-1.2.3.jar;C:\Users\GkorosC\.m2\repository\org\apache\logging\log4j\log4j-to-slf4j\2.13.3\log4j-to-slf4j-2.13.3.jar;C:\Users\GkorosC\.m2\repository\org\apache\logging\log4j\log4j-api\2.13.3\log4j-api-2.13.3.jar;C:\Users\GkorosC\.m2\repository\org\slf4j\jul-to-slf4j\1.7.30\jul-to-slf4j-1.7.30.jar;C:\Users\GkorosC\.m2\repository\jakarta\annotation\jakarta.annotation-api\1.3.5\jakarta.annotation-api-1.3.5.jar;C:\Users\GkorosC\.m2\repository\org\yaml\snakeyaml\1.27\snakeyaml-1.27.jar;C:\Users\GkorosC\.m2\repository\org\apache\camel\springboot\camel-spring-boot\3.10.0\camel-spring-boot-3.10.0.jar;C:\Users\GkorosC\.m2\repository\org\apache\camel\camel-spring\3.10.0\camel-spring-3.10.0.jar;C:\Users\GkorosC\.m2\repository\org\apache\camel\camel-management-api\3.10.0\camel-management-api-3.10.0.jar;C:\Users\GkorosC\.m2\repository\org\springframework\spring-aop\5.3.7\spring-aop-5.3.7.jar;C:\Users\GkorosC\.m2\repository\org\springframework\spring-beans\5.3.7\spring-beans-5.3.7.jar;C:\Users\GkorosC\.m2\repository\org\springframework\spring-expression\5.3.7\spring-expression-5.3.7.jar;C:\Users\GkorosC\.m2\repository\org\springframework\spring-tx\5.3.7\spring-tx-5.3.7.jar;C:\Users\GkorosC\.m2\repository\org\apache\camel\camel-spring-main\3.10.0\camel-spring-main-3.10.0.jar;C:\Users\GkorosC\.m2\repository\org\apache\camel\camel-main\3.10.0\camel-main-3.10.0.jar;C:\Users\GkorosC\.m2\repository\org\apache\camel\camel-base\3.10.0\camel-base-3.10.0.jar;C:\Users\GkorosC\.m2\repository\org\apache\camel\camel-core-languages\3.10.0\camel-core-languages-3.10.0.jar;C:\Users\GkorosC\.m2\repository\org\apache\camel\camel-xml-jaxb-dsl\3.10.0\camel-xml-jaxb-dsl-3.10.0.jar;C:\Users\GkorosC\.m2\repository\org\apache\camel\camel-core-model\3.10.0\camel-core-model-3.10.0.jar;C:\Users\GkorosC\.m2\repository\org\apache\camel\camel-core-processor\3.10.0\camel-core-processor-3.10.0.jar;C:\Users\GkorosC\.m2\repository\org\apache\camel\camel-xml-jaxb\3.10.0\camel-xml-jaxb-3.10.0.jar;C:\Users\GkorosC\.m2\repository\com\sun\xml\bind\jaxb-core\2.3.0\jaxb-core-2.3.0.jar;C:\Users\GkorosC\.m2\repository\com\sun\xml\bind\jaxb-impl\2.3.3\jaxb-impl-2.3.3.jar;C:\Users\GkorosC\.m2\repository\com\sun\activation\jakarta.activation\1.2.2\jakarta.activation-1.2.2.jar;C:\Users\GkorosC\.m2\repository\org\apache\camel\camel-dsl-support\3.10.0\camel-dsl-support-3.10.0.jar;C:\Users\GkorosC\.m2\repository\org\apache\camel\camel-endpointdsl\3.10.0\camel-endpointdsl-3.10.0.jar;C:\Users\GkorosC\.m2\repository\org\apache\camel\camel-spring-xml\3.10.0\camel-spring-xml-3.10.0.jar;C:\Users\GkorosC\.m2\repository\org\apache\camel\camel-core-xml\3.10.0\camel-core-xml-3.10.0.jar;C:\Users\GkorosC\.m2\repository\org\apache\camel\camel-cloud\3.10.0\camel-cloud-3.10.0.jar;C:\Users\GkorosC\.m2\repository\org\apache\camel\camel-cluster\3.10.0\camel-cluster-3.10.0.jar;C:\Users\GkorosC\.m2\repository\org\apache\camel\camel-base-engine\3.10.0\camel-base-engine-3.10.0.jar;C:\Users\GkorosC\.m2\repository\org\apache\camel\camel-health\3.10.0\camel-health-3.10.0.jar;C:\Users\GkorosC\.m2\repository\org\apache\camel\springboot\camel-core-starter\3.10.0\camel-core-starter-3.10.0.jar;C:\Users\GkorosC\.m2\repository\org\apache\camel\camel-core-engine\3.10.0\camel-core-engine-3.10.0.jar;C:\Users\GkorosC\.m2\repository\org\apache\camel\camel-api\3.10.0\camel-api-3.10.0.jar;C:\Users\GkorosC\.m2\repository\org\apache\camel\camel-core-reifier\3.10.0\camel-core-reifier-3.10.0.jar;C:\Users\GkorosC\.m2\repository\org\apache\camel\camel-util\3.10.0\camel-util-3.10.0.jar;C:\Users\GkorosC\.m2\repository\org\apache\camel\springboot\camel-bean-starter\3.10.0\camel-bean-starter-3.10.0.jar;C:\Users\GkorosC\.m2\repository\org\apache\camel\camel-bean\3.10.0\camel-bean-3.10.0.jar;C:\Users\GkorosC\.m2\repository\org\apache\camel\springboot\camel-browse-starter\3.10.0\camel-browse-starter-3.10.0.jar;C:\Users\GkorosC\.m2\repository\org\apache\camel\camel-browse\3.10.0\camel-browse-3.10.0.jar;C:\Users\GkorosC\.m2\repository\org\apache\camel\springboot\camel-controlbus-starter\3.10.0\camel-controlbus-starter-3.10.0.jar;C:\Users\GkorosC\.m2\repository\org\apache\camel\camel-controlbus\3.10.0\camel-controlbus-3.10.0.jar;C:\Users\GkorosC\.m2\repository\org\apache\camel\springboot\camel-dataformat-starter\3.10.0\camel-dataformat-starter-3.10.0.jar;C:\Users\GkorosC\.m2\repository\org\apache\camel\camel-dataformat\3.10.0\camel-dataformat-3.10.0.jar;C:\Users\GkorosC\.m2\repository\org\apache\camel\springboot\camel-dataset-starter\3.10.0\camel-dataset-starter-3.10.0.jar;C:\Users\GkorosC\.m2\repository\org\apache\camel\camel-dataset\3.10.0\camel-dataset-3.10.0.jar;C:\Users\GkorosC\.m2\repository\org\apache\camel\springboot\camel-direct-starter\3.10.0\camel-direct-starter-3.10.0.jar;C:\Users\GkorosC\.m2\repository\org\apache\camel\camel-direct\3.10.0\camel-direct-3.10.0.jar;C:\Users\GkorosC\.m2\repository\org\apache\camel\springboot\camel-directvm-starter\3.10.0\camel-directvm-starter-3.10.0.jar;C:\Users\GkorosC\.m2\repository\org\apache\camel\camel-directvm\3.10.0\camel-directvm-3.10.0.jar;C:\Users\GkorosC\.m2\repository\org\apache\camel\springboot\camel-file-starter\3.10.0\camel-file-starter-3.10.0.jar;C:\Users\GkorosC\.m2\repository\org\apache\camel\camel-file\3.10.0\camel-file-3.10.0.jar;C:\Users\GkorosC\.m2\repository\org\apache\camel\springboot\camel-language-starter\3.10.0\camel-language-starter-3.10.0.jar;C:\Users\GkorosC\.m2\repository\org\apache\camel\camel-language\3.10.0\camel-language-3.10.0.jar;C:\Users\GkorosC\.m2\repository\org\apache\camel\springboot\camel-log-starter\3.10.0\camel-log-starter-3.10.0.jar;C:\Users\GkorosC\.m2\repository\org\apache\camel\camel-log\3.10.0\camel-log-3.10.0.jar;C:\Users\GkorosC\.m2\repository\org\apache\camel\springboot\camel-mock-starter\3.10.0\camel-mock-starter-3.10.0.jar;C:\Users\GkorosC\.m2\repository\org\apache\camel\camel-mock\3.10.0\camel-mock-3.10.0.jar;C:\Users\GkorosC\.m2\repository\org\apache\camel\springboot\camel-ref-starter\3.10.0\camel-ref-starter-3.10.0.jar;C:\Users\GkorosC\.m2\repository\org\apache\camel\camel-ref\3.10.0\camel-ref-3.10.0.jar;C:\Users\GkorosC\.m2\repository\org\apache\camel\springboot\camel-rest-starter\3.10.0\camel-rest-starter-3.10.0.jar;C:\Users\GkorosC\.m2\repository\org\apache\camel\camel-rest\3.10.0\camel-rest-3.10.0.jar;C:\Users\GkorosC\.m2\repository\org\apache\camel\camel-tooling-model\3.10.0\camel-tooling-model-3.10.0.jar;C:\Users\GkorosC\.m2\repository\org\apache\camel\camel-util-json\3.10.0\camel-util-json-3.10.0.jar;C:\Users\GkorosC\.m2\repository\org\apache\camel\springboot\camel-saga-starter\3.10.0\camel-saga-starter-3.10.0.jar;C:\Users\GkorosC\.m2\repository\org\apache\camel\camel-saga\3.10.0\camel-saga-3.10.0.jar;C:\Users\GkorosC\.m2\repository\org\apache\camel\springboot\camel-scheduler-starter\3.10.0\camel-scheduler-starter-3.10.0.jar;C:\Users\GkorosC\.m2\repository\org\apache\camel\camel-scheduler\3.10.0\camel-scheduler-3.10.0.jar;C:\Users\GkorosC\.m2\repository\org\apache\camel\springboot\camel-seda-starter\3.10.0\camel-seda-starter-3.10.0.jar;C:\Users\GkorosC\.m2\repository\org\apache\camel\camel-seda\3.10.0\camel-seda-3.10.0.jar;C:\Users\GkorosC\.m2\repository\org\apache\camel\springboot\camel-stub-starter\3.10.0\camel-stub-starter-3.10.0.jar;C:\Users\GkorosC\.m2\repository\org\apache\camel\camel-stub\3.10.0\camel-stub-3.10.0.jar;C:\Users\GkorosC\.m2\repository\org\apache\camel\springboot\camel-timer-starter\3.10.0\camel-timer-starter-3.10.0.jar;C:\Users\GkorosC\.m2\repository\org\apache\camel\camel-timer\3.10.0\camel-timer-3.10.0.jar;C:\Users\GkorosC\.m2\repository\org\apache\camel\springboot\camel-validator-starter\3.10.0\camel-validator-starter-3.10.0.jar;C:\Users\GkorosC\.m2\repository\org\apache\camel\camel-validator\3.10.0\camel-validator-3.10.0.jar;C:\Users\GkorosC\.m2\repository\org\apache\camel\springboot\camel-vm-starter\3.10.0\camel-vm-starter-3.10.0.jar;C:\Users\GkorosC\.m2\repository\org\apache\camel\camel-vm\3.10.0\camel-vm-3.10.0.jar;C:\Users\GkorosC\.m2\repository\org\apache\camel\springboot\camel-xpath-starter\3.10.0\camel-xpath-starter-3.10.0.jar;C:\Users\GkorosC\.m2\repository\org\apache\camel\camel-xpath\3.10.0\camel-xpath-3.10.0.jar;C:\Users\GkorosC\.m2\repository\org\apache\camel\springboot\camel-xslt-starter\3.10.0\camel-xslt-starter-3.10.0.jar;C:\Users\GkorosC\.m2\repository\org\apache\camel\camel-xslt\3.10.0\camel-xslt-3.10.0.jar;C:\Users\GkorosC\.m2\repository\org\apache\camel\springboot\camel-xml-jaxp-starter\3.10.0\camel-xml-jaxp-starter-3.10.0.jar;C:\Users\GkorosC\.m2\repository\org\apache\camel\camel-xml-jaxp\3.10.0\camel-xml-jaxp-3.10.0.jar;C:\Users\GkorosC\.m2\repository\org\apache\camel\camel-xml-io-util\3.10.0\camel-xml-io-util-3.10.0.jar;C:\Users\GkorosC\.m2\repository\org\apache\camel\springboot\camel-google-mail-starter\3.10.0\camel-google-mail-starter-3.10.0.jar;C:\Users\GkorosC\.m2\repository\org\apache\camel\camel-google-mail\3.10.0\camel-google-mail-3.10.0.jar;C:\Users\GkorosC\.m2\repository\org\apache\camel\camel-support\3.10.0\camel-support-3.10.0.jar;C:\Users\GkorosC\.m2\repository\com\google\api-client\google-api-client\1.22.0\google-api-client-1.22.0.jar;C:\Users\GkorosC\.m2\repository\com\google\oauth-client\google-oauth-client\1.22.0\google-oauth-client-1.22.0.jar;C:\Users\GkorosC\.m2\repository\com\google\code\findbugs\jsr305\1.3.9\jsr305-1.3.9.jar;C:\Users\GkorosC\.m2\repository\com\google\guava\guava-jdk5\17.0\guava-jdk5-17.0.jar;C:\Users\GkorosC\.m2\repository\com\google\oauth-client\google-oauth-client-jetty\1.22.0\google-oauth-client-jetty-1.22.0.jar;C:\Users\GkorosC\.m2\repository\com\google\oauth-client\google-oauth-client-java6\1.22.0\google-oauth-client-java6-1.22.0.jar;C:\Users\GkorosC\.m2\repository\org\mortbay\jetty\jetty\6.1.26\jetty-6.1.26.jar;C:\Users\GkorosC\.m2\repository\org\mortbay\jetty\jetty-util\6.1.26\jetty-util-6.1.26.jar;C:\Users\GkorosC\.m2\repository\com\google\http-client\google-http-client-jackson2\1.22.0\google-http-client-jackson2-1.22.0.jar;C:\Users\GkorosC\.m2\repository\com\google\http-client\google-http-client\1.22.0\google-http-client-1.22.0.jar;C:\Users\GkorosC\.m2\repository\org\apache\httpcomponents\httpclient\4.5.13\httpclient-4.5.13.jar;C:\Users\GkorosC\.m2\repository\org\apache\httpcomponents\httpcore\4.4.14\httpcore-4.4.14.jar;C:\Users\GkorosC\.m2\repository\commons-codec\commons-codec\1.15\commons-codec-1.15.jar;C:\Users\GkorosC\.m2\repository\com\fasterxml\jackson\core\jackson-core\2.11.4\jackson-core-2.11.4.jar;C:\Users\GkorosC\.m2\repository\com\google\apis\google-api-services-gmail\v1-rev81-1.22.0\google-api-services-gmail-v1-rev81-1.22.0.jar;C:\Users\GkorosC\.m2\repository\com\sun\mail\jakarta.mail\1.6.7\jakarta.mail-1.6.7.jar;C:\Users\GkorosC\.m2\repository\org\springframework\boot\spring-boot-starter-test\2.4.6\spring-boot-starter-test-2.4.6.jar;C:\Users\GkorosC\.m2\repository\org\springframework\boot\spring-boot-test\2.4.6\spring-boot-test-2.4.6.jar;C:\Users\GkorosC\.m2\repository\org\springframework\boot\spring-boot-test-autoconfigure\2.4.6\spring-boot-test-autoconfigure-2.4.6.jar;C:\Users\GkorosC\.m2\repository\com\jayway\jsonpath\json-path\2.4.0\json-path-2.4.0.jar;C:\Users\GkorosC\.m2\repository\net\minidev\json-smart\2.3.1\json-smart-2.3.1.jar;C:\Users\GkorosC\.m2\repository\net\minidev\accessors-smart\2.3.1\accessors-smart-2.3.1.jar;C:\Users\GkorosC\.m2\repository\org\ow2\asm\asm\5.0.4\asm-5.0.4.jar;C:\Users\GkorosC\.m2\repository\org\slf4j\slf4j-api\1.7.30\slf4j-api-1.7.30.jar;C:\Users\GkorosC\.m2\repository\jakarta\xml\bind\jakarta.xml.bind-api\2.3.3\jakarta.xml.bind-api-2.3.3.jar;C:\Users\GkorosC\.m2\repository\jakarta\activation\jakarta.activation-api\1.2.2\jakarta.activation-api-1.2.2.jar;C:\Users\GkorosC\.m2\repository\org\assertj\assertj-core\3.18.1\assertj-core-3.18.1.jar;C:\Users\GkorosC\.m2\repository\org\hamcrest\hamcrest\2.2\hamcrest-2.2.jar;C:\Users\GkorosC\.m2\repository\org\junit\jupiter\junit-jupiter\5.7.2\junit-jupiter-5.7.2.jar;C:\Users\GkorosC\.m2\repository\org\junit\jupiter\junit-jupiter-api\5.7.2\junit-jupiter-api-5.7.2.jar;C:\Users\GkorosC\.m2\repository\org\apiguardian\apiguardian-api\1.1.0\apiguardian-api-1.1.0.jar;C:\Users\GkorosC\.m2\repository\org\opentest4j\opentest4j\1.2.0\opentest4j-1.2.0.jar;C:\Users\GkorosC\.m2\repository\org\junit\platform\junit-platform-commons\1.7.2\junit-platform-commons-1.7.2.jar;C:\Users\GkorosC\.m2\repository\org\junit\jupiter\junit-jupiter-params\5.7.2\junit-jupiter-params-5.7.2.jar;C:\Users\GkorosC\.m2\repository\org\junit\jupiter\junit-jupiter-engine\5.7.2\junit-jupiter-engine-5.7.2.jar;C:\Users\GkorosC\.m2\repository\org\junit\platform\junit-platform-engine\1.7.2\junit-platform-engine-1.7.2.jar;C:\Users\GkorosC\.m2\repository\org\mockito\mockito-core\3.6.28\mockito-core-3.6.28.jar;C:\Users\GkorosC\.m2\repository\net\bytebuddy\byte-buddy\1.10.22\byte-buddy-1.10.22.jar;C:\Users\GkorosC\.m2\repository\net\bytebuddy\byte-buddy-agent\1.10.22\byte-buddy-agent-1.10.22.jar;C:\Users\GkorosC\.m2\repository\org\objenesis\objenesis\3.1\objenesis-3.1.jar;C:\Users\GkorosC\.m2\repository\org\mockito\mockito-junit-jupiter\3.6.28\mockito-junit-jupiter-3.6.28.jar;C:\Users\GkorosC\.m2\repository\org\skyscreamer\jsonassert\1.5.0\jsonassert-1.5.0.jar;C:\Users\GkorosC\.m2\repository\com\vaadin\external\google\android-json\0.0.20131108.vaadin1\android-json-0.0.20131108.vaadin1.jar;C:\Users\GkorosC\.m2\repository\org\springframework\spring-core\5.3.7\spring-core-5.3.7.jar;C:\Users\GkorosC\.m2\repository\org\springframework\spring-jcl\5.3.7\spring-jcl-5.3.7.jar;C:\Users\GkorosC\.m2\repository\org\springframework\spring-test\5.3.7\spring-test-5.3.7.jar;C:\Users\GkorosC\.m2\repository\org\xmlunit\xmlunit-core\2.7.0\xmlunit-core-2.7.0.jar;"/>
    <property name="sun.cpu.endian" value="little"/>
    <property name="user.home" value="C:\Users\GkorosC"/>
    <property name="user.language" value="en"/>
    <property name="java.specification.vendor" value="Oracle Corporation"/>
    <property name="java.version.date" value="2018-09-25"/>
    <property name="java.home" value="C:\Program Files\Java\jdk-11"/>
    <property name="file.separator" value="\"/>
    <property name="basedir" value="C:\Users\GkorosC\gmail-archiver"/>
    <property name="java.vm.compressedOopsMode" value="Zero based"/>
    <property name="line.separator" value="&#10;"/>
    <property name="java.specification.name" value="Java Platform API Specification"/>
    <property name="java.vm.specification.vendor" value="Oracle Corporation"/>
    <property name="java.awt.graphicsenv" value="sun.awt.Win32GraphicsEnvironment"/>
    <property name="surefire.real.class.path" value="C:\Users\GkorosC\AppData\Local\Temp\surefire7559069353655703459\surefirebooter2466953727233997663.jar"/>
    <property name="user.script" value=""/>
    <property name="sun.management.compiler" value="HotSpot 64-Bit Tiered Compilers"/>
    <property name="java.runtime.version" value="11+28"/>
    <property name="user.name" value="GkorosC"/>
    <property name="path.separator" value=";"/>
    <property name="os.version" value="10.0"/>
    <property name="java.runtime.name" value="OpenJDK Runtime Environment"/>
    <property name="file.encoding" value="Cp1252"/>
    <property name="java.vm.name" value="OpenJDK 64-Bit Server VM"/>
    <property name="java.vendor.version" value="18.9"/>
    <property name="localRepository" value="C:\Users\GkorosC\.m2\repository"/>
    <property name="java.vendor.url.bug" value="http://bugreport.java.com/bugreport/"/>
    <property name="java.io.tmpdir" value="C:\Users\GkorosC\AppData\Local\Temp\"/>
    <property name="idea.version" value="2020.3.3"/>
    <property name="java.version" value="11"/>
    <property name="user.dir" value="C:\Users\GkorosC\gmail-archiver"/>
    <property name="os.arch" value="amd64"/>
    <property name="java.vm.specification.name" value="Java Virtual Machine Specification"/>
    <property name="java.awt.printerjob" value="sun.awt.windows.WPrinterJob"/>
    <property name="sun.os.patch.level" value=""/>
    <property name="java.library.path" value="C:\Program Files\Java\jdk-11\bin;C:\Windows\Sun\Java\bin;C:\Windows\system32;C:\Windows;C:\Program Files\Python37\Scripts\;C:\Program Files\Python37\;C:\Windows\system32;C:\Windows;C:\Windows\System32\Wbem;C:\Windows\System32\WindowsPowerShell\v1.0\;C:\Windows\System32\OpenSSH\;C:\Program Files\Intel\WiFi\bin\;C:\Program Files\Common Files\Intel\WirelessCommon\;C:\Program Files\Git\cmd;C:\Program Files\TortoiseGit\bin;C:\ProgramData\chocolatey\bin;C:\Program Files\nodejs\;C:\Program Files (x86)\Yarn\bin\;C:\ProgramData\chocolatey\lib\Elixir/bin;C:\Program Files\Docker\Docker\resources\bin;C:\ProgramData\DockerDesktop\version-bin;C:\Users\GkorosC\AppData\Local\Microsoft\WindowsApps;C:\Users\GkorosC\bin;C:\Users\GkorosC\AppData\Local\GitHubDesktop\bin;C:\Users\GkorosC\AppData\Roaming\npm;C:\Users\GkorosC\AppData\Local\Yarn\bin;C:\Program Files\R\R-4.0.2\bin;C:\Users\GkorosC\AppData\Roaming\Python\Python37\Scripts;C:\Program Files\Java\jdk-11\bin;C:\Program Files\Java\apache-maven-3.8.1\bin;;."/>
    <property name="java.vendor" value="Oracle Corporation"/>
    <property name="java.vm.info" value="mixed mode"/>
    <property name="java.vm.version" value="11+28"/>
    <property name="sun.io.unicode.encoding" value="UnicodeLittle"/>
    <property name="java.class.version" value="55.0"/>
  </properties>
  <testcase name="contextLoads" classname="org.cgoro.gmailarchiver.GmailArchiverApplicationTests" time="0.389"/>
</testsuite>